<?xml version="1.0" encoding="UTF-8"?>
<!-- Generated by org.testng.reporters.JUnitReportReporter -->
<testsuite hostname="Diptimaya" failures="0" tests="1" name="com.actitime_project.testscript.CustomerModule" time="12.138" errors="0" timestamp="2023-07-21T09:09:59 IST" skipped="0">
  <testcase classname="com.actitime_project.testscript.CustomerModule" name="testCreatCustomer" time="12.138">
    <system-out>
      <![CDATA[Creat Customer]]>
    </system-out>
  </testcase> <!-- testCreatCustomer -->
  <system-out>
    <![CDATA[openBrowser
login
Creat Customer
logout
closeBrowser]]>
  </system-out>
</testsuite> <!-- com.actitime_project.testscript.CustomerModule -->
