<?xml version="1.0" encoding="UTF-8"?>
<!-- Generated by org.testng.reporters.JUnitReportReporter -->
<testsuite hostname="Diptimaya" failures="0" tests="3" name="com.actitime.testscripts.ProjectModule" time="0.016" errors="0" timestamp="2023-07-19T19:13:53 IST" skipped="0">
  <testcase classname="com.actitime.testscripts.ProjectModule" name="deleteProject" time="0.001">
    <system-out>
      <![CDATA[deleteProject]]>
    </system-out>
  </testcase> <!-- deleteProject -->
  <testcase classname="com.actitime.testscripts.ProjectModule" name="creatProject" time="0.013">
    <system-out>
      <![CDATA[creatProject]]>
    </system-out>
  </testcase> <!-- creatProject -->
  <testcase classname="com.actitime.testscripts.ProjectModule" name="modiffyProject" time="0.002">
    <system-out>
      <![CDATA[modifyProject]]>
    </system-out>
  </testcase> <!-- modiffyProject -->
  <system-out>
    <![CDATA[creatProject
deleteProject
modifyProject]]>
  </system-out>
</testsuite> <!-- com.actitime.testscripts.ProjectModule -->
