<?xml version="1.0" encoding="UTF-8"?>
<!-- Generated by org.testng.reporters.JUnitReportReporter -->
<testsuite hostname="Diptimaya" failures="0" tests="2" name="com.actitime_project.testscript.CostomerModule" time="0.029" errors="0" timestamp="2023-07-20T20:58:26 IST" skipped="0">
  <testcase classname="com.actitime_project.testscript.CostomerModule" name="testCreatCustomer" time="0.004">
    <system-out>
      <![CDATA[Creat Customer]]>
    </system-out>
  </testcase> <!-- testCreatCustomer -->
  <testcase classname="com.actitime_project.testscript.CostomerModule" name="login" time="0.025"/>
  <system-out>
    <![CDATA[Creat Customer]]>
  </system-out>
</testsuite> <!-- com.actitime_project.testscript.CostomerModule -->
