<?xml version="1.0" encoding="UTF-8"?>
<!-- Generated by org.testng.reporters.JUnitReportReporter -->
<testsuite hostname="Diptimaya" failures="0" tests="3" name="com.actitime.testscripts.CustomerModule" time="0.025" errors="0" timestamp="2023-07-19T19:04:45 IST" skipped="0">
  <testcase classname="com.actitime.testscripts.CustomerModule" name="deleteCustomer" time="0.003">
    <system-out>
      <![CDATA[deleteCustomer]]>
    </system-out>
  </testcase> <!-- deleteCustomer -->
  <testcase classname="com.actitime.testscripts.CustomerModule" name="creatCustomer" time="0.019">
    <system-out>
      <![CDATA[creatCustomer]]>
    </system-out>
  </testcase> <!-- creatCustomer -->
  <testcase classname="com.actitime.testscripts.CustomerModule" name="modiffyCustomer" time="0.003">
    <system-out>
      <![CDATA[modifyCustomer]]>
    </system-out>
  </testcase> <!-- modiffyCustomer -->
  <system-out>
    <![CDATA[creatCustomer
deleteCustomer
modifyCustomer]]>
  </system-out>
</testsuite> <!-- com.actitime.testscripts.CustomerModule -->
