<?xml version="1.0" encoding="UTF-8"?>
<!-- Generated by org.testng.reporters.JUnitReportReporter -->
<testsuite hostname="Diptimaya" failures="0" tests="1" name="com.actitime.testscripts.DemoTest" time="0.019" errors="0" timestamp="2023-07-19T18:24:10 IST" skipped="0">
  <testcase classname="com.actitime.testscripts.DemoTest" name="demoTest" time="0.019">
    <system-out>
      <![CDATA[welcome to testNG]]>
    </system-out>
  </testcase> <!-- demoTest -->
  <system-out>
    <![CDATA[welcome to testNG]]>
  </system-out>
</testsuite> <!-- com.actitime.testscripts.DemoTest -->
