<?xml version="1.0" encoding="UTF-8"?>
<!-- Generated by org.testng.reporters.JUnitReportReporter -->
<testsuite hostname="Diptimaya" failures="0" tests="3" name="com.actitime.testscripts.TaskModule" time="0.018" errors="0" timestamp="2023-07-19T19:15:35 IST" skipped="0">
  <testcase classname="com.actitime.testscripts.TaskModule" name="deleteTask" time="0.004">
    <system-out>
      <![CDATA[deleteTask]]>
    </system-out>
  </testcase> <!-- deleteTask -->
  <testcase classname="com.actitime.testscripts.TaskModule" name="creatTask" time="0.014">
    <system-out>
      <![CDATA[creatTask]]>
    </system-out>
  </testcase> <!-- creatTask -->
  <testcase classname="com.actitime.testscripts.TaskModule" name="modiffyTask" time="0.000">
    <system-out>
      <![CDATA[modifyTask]]>
    </system-out>
  </testcase> <!-- modiffyTask -->
  <system-out>
    <![CDATA[creatTask
deleteTask
modifyTask]]>
  </system-out>
</testsuite> <!-- com.actitime.testscripts.TaskModule -->
